This is LuaHBTeX, Version 1.16.0 (TeX Live 2023/Homebrew)  (format=lualatex 2023.3.11)  22 JAN 2024 19:00
 restricted system commands enabled.
**plot2.tex

(/opt/homebrew/Cellar/texlive/20230313_2/share/texmf-dist/tex/latex/tools/e.tex
! Interruption.
<everyjob> \directlua {
            require("lualatexquotejobname.lua")}\typeout {\fmtname \space <\fmt
l.1 
  %%
? 
! Emergency stop.
<everyjob> \directlua {
            require("lualatexquotejobname.lua")}\typeout {\fmtname \space <\fmt
l.1 
  %%
End of file on the terminal!



Here is how much of LuaTeX's memory you used:
 9 strings out of 478285
 100000,1977958 words of node,token memory allocated 275 words of node memory still in use:
   1 hlist, 1 dir, 39 glue_spec nodes
   avail lists: 2:12,3:3,4:1
 20331 multiletter control sequences out of 65536+600000
 14 fonts using 591679 bytes
 2i,0n,0p,13b,6s stack positions out of 10000i,1000n,20000p,200000b,200000s
!  ==> Fatal error occurred, no output PDF file produced!
